已經開始建置於 2017/4/6 下午 06:17:04。
     1>節點 2 (build 目標) 上的專案 "D:\AFU\PDA_test\Calibration_GUI\Calibration_GUI\Calibration_GUI.vcxproj"。
     1>InitializeBuildStatus:
         正在變更時間戳記 "Release\Calibration_GUI.unsuccessfulbuild"。
       GenerateTargetFrameworkMonikerAttribute:
       將略過目標 "GenerateTargetFrameworkMonikerAttribute"，因為所有輸出檔對於其輸入檔而言都已更新。
       ClCompile:
         所有輸出都是最新的。
         C:\Program Files (x86)\Microsoft Visual Studio 10.0\VC\bin\CL.exe /c /AI"C:\Program Files (x86)\Reference Assemblies\Microsoft\Framework\.NETFramework\v4.0" /Zi /clr:pure /nologo /W3 /WX- /O2 /Oy- /D WIN32 /D NDEBUG /D _UNICODE /D UNICODE /EHa /MD /GS /fp:precise /Zc:wchar_t /Zc:forScope /Yu"StdAfx.h" /Fp"Release\Calibration_GUI.pch" /Fo"Release\\" /Fd"Release\vc100.pdb" /TP /FU"C:\Program Files (x86)\Reference Assemblies\Microsoft\Framework\.NETFramework\v4.0\System.Core.dll" /FU"C:\Program Files (x86)\Reference Assemblies\Microsoft\Framework\.NETFramework\v4.0\System.Data.dll" /FU"C:\Program Files (x86)\Reference Assemblies\Microsoft\Framework\.NETFramework\v4.0\System.dll" /FU"C:\Program Files (x86)\Reference Assemblies\Microsoft\Framework\.NETFramework\v4.0\System.Drawing.dll" /FU"C:\Program Files (x86)\Reference Assemblies\Microsoft\Framework\.NETFramework\v4.0\System.Windows.Forms.dll" /FU"C:\Program Files (x86)\Reference Assemblies\Microsoft\Framework\.NETFramework\v4.0\System.Xml.dll" /analyze- /errorReport:prompt Calibration_GUI.cpp /clr:nostdlib 
         Calibration_GUI.cpp
         所有輸出都是最新的。
       CoreResGen:
         "C:\Program Files (x86)\Microsoft SDKs\Windows\v7.0A\bin\NETFX 4.0 Tools\resgen.exe" /useSourcePath /r:"C:\Program Files (x86)\Reference Assemblies\Microsoft\Framework\.NETFramework\v4.0\System.Core.dll" /r:"C:\Program Files (x86)\Reference Assemblies\Microsoft\Framework\.NETFramework\v4.0\System.Data.dll" /r:"C:\Program Files (x86)\Reference Assemblies\Microsoft\Framework\.NETFramework\v4.0\System.dll" /r:"C:\Program Files (x86)\Reference Assemblies\Microsoft\Framework\.NETFramework\v4.0\System.Drawing.dll" /r:"C:\Program Files (x86)\Reference Assemblies\Microsoft\Framework\.NETFramework\v4.0\System.Windows.Forms.dll" /r:"C:\Program Files (x86)\Reference Assemblies\Microsoft\Framework\.NETFramework\v4.0\System.Xml.dll" /compile Form1.resX,Release\Calibration_GUI.Form1.resources
         正在處理資源檔 "Form1.resX" 至 "Release\Calibration_GUI.Form1.resources"。
       ResourceCompile:
         所有輸出都是最新的。
       Link:
         C:\Program Files (x86)\Microsoft Visual Studio 10.0\VC\bin\link.exe /ERRORREPORT:PROMPT /OUT:"D:\AFU\PDA_test\Calibration_GUI\Release\Calibration_GUI.exe" /INCREMENTAL:NO /NOLOGO /ASSEMBLYRESOURCE:Release\Calibration_GUI.Form1.resources /MANIFEST /ManifestFile:"Release\Calibration_GUI.exe.intermediate.manifest" /MANIFESTUAC:"level='asInvoker' uiAccess='false'" /DEBUG /PDB:"D:\AFU\PDA_test\Calibration_GUI\Release\Calibration_GUI.pdb" /SUBSYSTEM:WINDOWS /TLBID:1 /ENTRY:"main" /DYNAMICBASE /FIXED:NO /NXCOMPAT /MACHINE:X86 Release\app.res
         Release\AssemblyInfo.obj
         Release\Calibration_GUI.obj
         Release\stdafx.obj
         "Release\.NETFramework,Version=v4.0.AssemblyAttributes.obj"
         Calibration_GUI.vcxproj -> D:\AFU\PDA_test\Calibration_GUI\Release\Calibration_GUI.exe
       Manifest:
         C:\Program Files (x86)\Microsoft SDKs\Windows\v7.0A\bin\mt.exe /nologo /verbose /outputresource:"D:\AFU\PDA_test\Calibration_GUI\Release\Calibration_GUI.exe;#1" /manifest Release\Calibration_GUI.exe.intermediate.manifest
       FinalizeBuildStatus:
         正在刪除檔案 "Release\Calibration_GUI.unsuccessfulbuild"。
         正在變更時間戳記 "Release\Calibration_GUI.lastbuildstate"。
     1>專案 "D:\AFU\PDA_test\Calibration_GUI\Calibration_GUI\Calibration_GUI.vcxproj" (build 目標) 建置完成。

建置成功。

經過時間 00:00:00.96
